     1                                 %line 1+1 proj1.s
     2                                 
     3                                 
     4                                 
     5                                 
     6                                 
     7                                 
     8                                 
     9                                 
    10                                 
    11                                 
    12                                 
    13                                 [section .data]
    14                                 
    15 00000000 576861742069732079-    prompt: db "What is your name?"
    16 00000000 6F7572206E616D653F 
    17                                 prompt_len: equ $-prompt
    18                                 
    19 00000012 21<rept>               buffer: times 255 db '!'
    20                                 
    21 00000111 48656C6C6F2C20         resp1: db "Hello, "
    22                                 resp1_len: equ $-resp1
    23 00000118 2C206E69636520746F-    resp2: db ", nice to meet you!", 10
    24 00000118 206D65657420796F75-
    25 00000118 210A               
    26                                 resp2_len: equ $-resp2
    27                                 
    28                                 
    29                                 SYS_WRITE: equ 1
    30                                 SYS_READ: equ 0
    31                                 SYS_EXIT: equ 60
    32                                 STDOUT: equ 1
    33                                 STDIN: equ 0
    34                                 
    35                                 [section .text]
    36                                 
    37                                 [global _start]
    38                                 _start:
    39                                 
    40                                 
    41 00000000 48C7C000000000          mov rax, SYS_READ
    42 00000007 48C7C700000000          mov rdi, STDIN
    43 0000000E 48C7C6[00000000]        mov rsi, buffer
    44 00000015 48C7C2FF000000          mov rdx, 255
    45 0000001C 0F05                    syscall
    46                                 
    47 0000001E 4989C2                  mov r10, rax
    48 00000021 4983EA01                sub r10, 1
    49                                 
    50                                 
    51 00000025 48C7C001000000          mov rax, SYS_WRITE
    52 0000002C 48C7C701000000          mov rdi, STDOUT
    53 00000033 48C7C6[00000000]        mov rsi, prompt
    54 0000003A 48BA12000000000000-     mov rdx, prompt_len
    55 0000003A 00                 
    56 00000044 0F05                    syscall
    57                                 
    58                                 
    59                                 
    60 00000046 48C7C001000000          mov rax, SYS_WRITE
    61 0000004D 48C7C701000000          mov rdi, STDOUT
    62 00000054 48C7C6[00000000]        mov rsi, resp1
    63 0000005B 48BA07000000000000-     mov rdx, resp1_len
    64 0000005B 00                 
    65 00000065 0F05                    syscall
    66                                 
    67                                 
    68 00000067 48C7C001000000          mov rax, SYS_WRITE
    69 0000006E 48C7C701000000          mov rdi, STDOUT
    70 00000075 48C7C6[00000000]        mov rsi, buffer
    71 0000007C 4C89D2                  mov rdx, r10
    72 0000007F 0F05                    syscall
    73                                 
    74                                 
    75 00000081 48C7C001000000          mov rax, SYS_WRITE
    76 00000088 48C7C701000000          mov rdi, STDOUT
    77 0000008F 48C7C6[00000000]        mov rsi, resp2
    78 00000096 48BA14000000000000-     mov rdx, resp2_len
    79 00000096 00                 
    80 000000A0 0F05                    syscall
    81                                 
    82                                 
    83 000000A2 48C7C03C000000          mov rax, SYS_EXIT
    84 000000A9 48C7C700000000          mov rdi, 0
    85 000000B0 0F05                    syscall
    86                                 
    87                                 
    88                                 
    89                                 
    90                                 
