     1                                 %line 1+1 use_write_ln_fnc.s
     2                                 
     3                                 
     4                                 
     5                                 
     6                                 
     7                                 [section .data]
     8                                 
     9                                 %line 1+1 write_ln_fnc.s
    10                                 
    11                                 
    12                                 
    13                                 
    14                                 
    15                                 [section .data]
    16                                 
    17 00000000 0A                     newline: db 10
    18                                 
    19                                 [section .text]
    20                                 
    21                                 write_ln:
    22                                 
    23                                 
    24                                 
    25                                 
    26 00000000 48C7C001000000          mov rax, 1
    27 00000007 48C7C701000000          mov rdi, 1
    28 0000000E 4889FE                  mov rsi, rdi
    29 00000011 4889F2                  mov rdx, rsi
    30 00000014 0F05                    syscall
    31                                 
    32 00000016 48C7C001000000          mov rax, 1
    33 0000001D 48C7C701000000          mov rdi, 1
    34 00000024 48C7C6[00000000]        mov rsi, newline
    35 0000002B 48C7C201000000          mov rdx, 1
    36 00000032 0F05                    syscall
    37                                 
    38 00000034 C3                      ret
    39                                 %line 9+1 use_write_ln_fnc.s
    40                                 
    41 00000035 48656C6C6F2C20776F-    msg: db "Hello, word!"
    42 00000035 726421             
    43                                 MSGLEN: equ $-msg
    44                                 
    45                                 [section .text]
    46                                 
    47                                 [global _start]
    48                                 _start:
    49                                 
    50 00000041 48C7C6[00000000]        mov rsi, msg
    51 00000048 48BA0C000000000000-     mov rdx, MSGLEN
    52 00000048 00                 
    53 00000052 E8A4FFFFFF              call write_ln
    54                                 
    55 00000057 48C7C03C000000          mov rax, 60
    56 0000005E 48C7C700000000          mov rdi, 0
    57 00000065 0F05                    syscall
