     1                                 %line 1+1 hello.s
     2                                 
     3                                 
     4                                 
     5                                 
     6                                 
     7                                 [section .data]
     8                                 
     9 00000000 48656C6C6F2C20776F-    msg: db "Hello, world!", 10
    10 00000000 726C64210A         
    11                                 
    12                                 MSGLEN: equ ($ - msg)
    13                                 
    14                                 [section .text]
    15                                 
    16                                 [global _start]
    17                                 _start:
    18                                 
    19                                 
    20 00000000 48C7C001000000          mov rax, 1
    21 00000007 48C7C701000000          mov rdi, 1
    22 0000000E 48C7C6[00000000]        mov rsi, msg
    23 00000015 48BA0E000000000000-     mov rdx, MSGLEN
    24 00000015 00                 
    25 0000001F 0F05                    syscall
    26                                 
    27                                 
    28 00000021 48C7C03C000000          mov rax, 60
    29 00000028 48C7C700000000          mov rdi, 0
    30 0000002F 0F05                    syscall
