     1                                 %line 1+1 replace_char.s
     2                                 
     3                                 
     4                                 
     5                                 
     6                                 
     7                                 [section .data]
     8                                 
     9 00000000 546865206361742069-    string: db "The cat in the hat "
    10 00000000 6E2074686520686174-
    11 00000000 20                 
    12                                 STRLEN: equ $ - string
    13                                 
    14                                 [section .text]
    15                                 
    16                                 [global _start]
    17                                 _start:
    18                                 
    19                                 
    20                                 
    21                                 
    22                                 
    23                                 
    24 00000000 B020                    mov al, ' '
    25 00000002 B30A                    mov bl, 10
    26 00000004 48C7C7[00000000]        mov rdi, string
    27 0000000B 48B913000000000000-     mov rcx, STRLEN
    28 0000000B 00                 
    29                                 
    30                                 
    31                                 
    32 00000015 4801F9                  add rcx, rdi
    33                                 
    34                                 .begin_while:
    35 00000018 4839CF                  cmp rdi, rcx
    36 0000001B 7409                    je .end_while
    37                                 
    38 0000001D 3807                    cmp byte [rdi], al
    39 0000001F 7500                    jne .end_if
    40                                 
    41 00000021 881F                    mov byte [rdi], bl
    42                                 
    43                                 .end_if:
    44                                 
    45 00000023 48FFC7                  inc rdi
    46 00000026 EBEE                    jmp .begin_while
    47                                 
    48                                 .end_while:
    49                                 
    50                                 
    51                                 
    52                                 
    53 00000028 48C7C001000000          mov rax, 1
    54 0000002F 48C7C701000000          mov rdi, 1
    55 00000036 48C7C6[00000000]        mov rsi, string
    56 0000003D 48BA13000000000000-     mov rdx, STRLEN
    57 0000003D 00                 
    58 00000047 0F05                    syscall
    59                                 
    60 00000049 48C7C03C000000          mov rax, 60
    61 00000050 48C7C700000000          mov rdi, 0
    62 00000057 0F05                    syscall
